%!Adobe-FontList 1.20
%Locale:0x409

%BeginFont
Handler:DirectoryHandler
FontType:Type1
FontName:Poppins-Bold
FamilyName:Poppins
StyleName:Bold
FullName:Poppins Bold
MenuName:Poppins
StyleBits:2
WritingScript:Roman
OutlineFileName:C:\Users\Hieu\Desktop\web\applap-project\Font\Poppins-Bold.otf
DataFormat:sfntData
UsesStandardEncoding:yes
isCFF:yes
hasSVG:no
VariableFontType:NonVariableFont
FileLength:95496
FileModTime:1607375096
WeightClass:700
WidthClass:5
AngleClass:0
NameArray:0,Win,1,Poppins
%EndFont

%BeginFont
Handler:DirectoryHandler
FontType:Type1
FontName:Poppins-Regular
FamilyName:Poppins
StyleName:Regular
FullName:Poppins
MenuName:Poppins
StyleBits:0
WritingScript:Roman
OutlineFileName:C:\Users\Hieu\Desktop\web\applap-project\Font\Poppins-Regular.otf
DataFormat:sfntData
UsesStandardEncoding:yes
isCFF:yes
hasSVG:no
VariableFontType:NonVariableFont
FileLength:95176
FileModTime:1607375096
WeightClass:400
WidthClass:5
AngleClass:0
NameArray:0,Win,1,Poppins
%EndFont

%BeginFont
Handler:DirectoryHandler
FontType:Type1
FontName:Poppins-SemiBold
FamilyName:Poppins
StyleName:SemiBold
FullName:Poppins SemiBold
MenuName:Poppins SemiBold
StyleBits:0
WritingScript:Roman
OutlineFileName:C:\Users\Hieu\Desktop\web\applap-project\Font\Poppins-SemiBold.otf
DataFormat:sfntData
UsesStandardEncoding:yes
isCFF:yes
hasSVG:no
VariableFontType:NonVariableFont
FileLength:95944
FileModTime:1607375096
WeightClass:600
WidthClass:5
AngleClass:0
NameArray:0,Win,1,Poppins SemiBold
NameArray:0,Win,16,Poppins
%EndFont

